2026-06-26 20:35:41.496 | INFO     | app.main:startup_event:28 - Starting up FastAPI application...
2026-06-26 20:37:47.793 | INFO     | app.main:startup_event:28 - Starting up FastAPI application...
2026-06-26 20:38:41.496 | INFO     | app.main:startup_event:28 - Starting up FastAPI application...
2026-06-26 21:37:28.501 | INFO     | app.main:startup_event:28 - Starting up FastAPI application...
2026-06-26 21:50:59.125 | INFO     | app.parsers.excel:parse:10 - Parsing Excel file: uploads/9a467e2d-0e8a-46ea-a280-a15b9bc9f88c_Клиника 6 прайс 2026.xlsx
2026-06-26 22:10:30.681 | INFO     | app.main:startup_event:28 - Starting up FastAPI application...
2026-06-26 22:11:14.985 | INFO     | app.main:startup_event:28 - Starting up FastAPI application...
2026-06-26 22:11:30.871 | INFO     | app.parsers.excel:parse:11 - Parsing Excel file: uploads/5df00a90-8b7d-4247-b262-d7b8149c3242_Клиника 6 прайс 2026.xlsx
2026-06-26 22:14:08.966 | INFO     | app.main:startup_event:28 - Starting up FastAPI application...
2026-06-26 22:18:39.004 | INFO     | app.main:startup_event:28 - Starting up FastAPI application...
2026-06-26 22:18:40.235 | INFO     | app.main:startup_event:30 - Starting up FastAPI application...
2026-06-26 22:21:12.341 | INFO     | app.main:startup_event:30 - Starting up FastAPI application...
2026-06-26 22:25:06.949 | INFO     | app.main:startup_event:30 - Starting up FastAPI application...
2026-06-26 22:25:22.865 | INFO     | app.parsers.excel:parse:11 - Parsing Excel file: uploads/76e0edd1-f005-4ac9-a589-2ec66b89e07a_Клиника 6 прайс 2026.xlsx
2026-06-26 22:28:25.409 | INFO     | app.parsers.excel:parse:11 - Parsing Excel file: uploads/595b1384-98bd-471b-8c7d-08df09d6175b_Клиника 6 прайс 2026.xlsx
2026-06-26 22:32:03.001 | INFO     | app.main:startup_event:30 - Starting up FastAPI application...
2026-06-26 22:33:23.019 | INFO     | app.main:startup_event:30 - Starting up FastAPI application...
2026-06-26 22:33:40.207 | INFO     | app.parsers.excel:parse:87 - Parsing Excel file: uploads/0626d098-8ef9-4744-abde-5813e343946c_Клиника 6 прайс 2026.xlsx
2026-06-26 22:33:41.314 | INFO     | app.parsers.excel:parse:93 - Read 5166 rows x 9 columns
2026-06-26 22:33:41.316 | INFO     | app.parsers.excel:_find_header_row:54 - Found headers at row 10: service='1', price='5'
2026-06-26 22:33:41.316 | INFO     | app.parsers.excel:parse:115 - Data starts at row 11, service_col=1, price_col=5
2026-06-26 22:33:41.554 | INFO     | app.parsers.excel:parse:145 - Successfully parsed 5030 records
